1701810379740	geckodriver	INFO	Listening on 127.0.0.1:56805
1701810380314	mozrunner::runner	INFO	Running command: "C:\\Program Files\\Mozilla Firefox\\firefox.exe" "--marionette" "--remote-debugging-port" "56806" "--remote-allow-hosts" "localhost" "-no-remote" "-profile" "C:\\Users\\EmamH\\AppData\\Local\\Temp\\rust_mozprofileS61cko"
console.error: GPOParser.jsm: 
  Unable to parse JSON for ExtensionSettings
1701810380979	Marionette	INFO	Marionette enabled
Dynamically enable window occlusion 0
1701810380990	Marionette	INFO	Listening on port 56813
console.error: Policies.jsm: 
  OfferToSaveLoginsDefault ignored because OfferToSaveLogins is present.
Read port: 56813
WebDriver BiDi listening on ws://127.0.0.1:56806
1701810381235	RemoteAgent	WARN	TLS certificate errors will be ignored for this session
console.warn: SearchSettings: "get: No settings file exists, new profile?" (new NotFoundError("Could not open the file at C:\\Users\\EmamH\\AppData\\Local\\Temp\\rust_mozprofileS61cko\\search.json.mozlz4", (void 0)))
DevTools listening on ws://127.0.0.1:56806/devtools/browser/e0c6ef8c-b51e-4e6c-9b62-782a15b00c69
1701810392750	Marionette	WARN	TimedPromise timed out after 500 ms: stacktrace:
TimedPromise/<@chrome://remote/content/marionette/sync.sys.mjs:219:24
TimedPromise@chrome://remote/content/marionette/sync.sys.mjs:204:10
interaction.flushEventLoop@chrome://remote/content/marionette/interaction.sys.mjs:425:10
webdriverClickElement@chrome://remote/content/marionette/interaction.sys.mjs:173:31
1701811324458	Marionette	INFO	Stopped listening on port 56813
Dynamically enable window occlusion 1
console.warn: TopSitesFeed: Failed to fetch data from Contile server: NetworkError when attempting to fetch resource.
!!! error running onStopped callback: TypeError: callback is not a function
